
===== ARQUIVO: IMG_20260501_004441.jpg =====
É TRIPLA SEGURANÇA (1.25 - 1.40)
€& 13:00 | FINLÂNDIA - VEIKKAUSLIIGA
&& INTER TURKU X HJK

6 1X & (85%) | ODD: 1.40

É ABRIR NA BETANO

& 13:10 | ARÁBIA SAUDITA - PRIMEIRA LIGA
6% AL-TAAWON X ALTTIHAD

6 2X & (85%) | ODD: 1.33

É ABRIR NA BETANO

€& 15:00 | ARÁBIA SAUDITA - PRIMEIRA LIGA
6% AL NASSR RIYADH X AL-AHLI

4 1X & (70%) | ODD: 1.25

É ABRIR NA BETANO


===== ARQUIVO: IMG_20260501_000333.jpg =====
MÚLTIPLA DE 3-SELEÇÕES R$1,00

PE
“S

1X 2

CHANCE DUPLA

FC INTER TURKU - HJK
HELSINKI

O)
Ú
ÇO

1X OQ
CHANCE DUPLA

AL-NASSR FC - AL-AHLI SFC

E
O

X2 0

CHANCE DUPLA
AL-TAAWOUN FC- AL-LTTIHAD
CLUB

»
Q,
O

1.45

[B RESULTADO 1-1

1.28

EB RESULTADO 2-0

1.38

[3 RESULTADO 0-2

